<?xml version="1.0" encoding="UTF-8" ?>
<testsuite tests="7" failures="0" name="testsRun.RunTest" time="0.914" errors="1" skipped="6">
  <properties>
[...]
</properties>
  <testcase classname="Scenario: Buy item Full Price as Entrega pela Loja Anacapri" name="Scenario: Buy item Full Price as Entrega pela Loja Anacapri" time="0.157">
    <error type="java.lang.NullPointerException">java.lang.NullPointerException
	at utils.Utils.getBaseUrl(Utils.java:68)
	at steps.Hook.lambda$new$0(Hook.java:27)
	at cucumber.runtime.java.Java8HookDefinition$1.call(Java8HookDefinition.java:51)
	at cucumber.runtime.Timeout.timeout(Timeout.java:16)
	at cucumber.runtime.java.Java8HookDefinition.execute(Java8HookDefinition.java:47)
	at cucumber.runtime.Runtime.runHookIfTagsMatch(Runtime.java:224)
	at cucumber.runtime.Runtime.runHooks(Runtime.java:212)
	at cucumber.runtime.Runtime.runBeforeHooks(Runtime.java:202)
	at cucumber.runtime.model.CucumberScenario.run(CucumberScenario.java:40)
	at cucumber.runtime.junit.ExecutionUnitRunner.run(ExecutionUnitRunner.java:102)
	at cucumber.runtime.junit.FeatureRunner.runChild(FeatureRunner.java:63)
	at cucumber.runtime.junit.FeatureRunner.runChild(FeatureRunner.java:18)
	at org.junit.runners.ParentRunner$4.run(ParentRunner.java:330)
	at org.junit.runners.ParentRunner$1.schedule(ParentRunner.java:78)
	at org.junit.runners.ParentRunner.runChildren(ParentRunner.java:328)
	at org.junit.runners.ParentRunner.access$100(ParentRunner.java:65)
	at org.junit.runners.ParentRunner$2.evaluate(ParentRunner.java:292)
	at org.junit.runners.ParentRunner$3.evaluate(ParentRunner.java:305)
	at org.junit.runners.ParentRunner.run(ParentRunner.java:412)
	at cucumber.runtime.junit.FeatureRunner.run(FeatureRunner.java:70)
	at cucumber.api.junit.Cucumber.runChild(Cucumber.java:95)
	at cucumber.api.junit.Cucumber.runChild(Cucumber.java:38)
	at org.junit.runners.ParentRunner$4.run(ParentRunner.java:330)
	at org.junit.runners.ParentRunner$1.schedule(ParentRunner.java:78)
	at org.junit.runners.ParentRunner.runChildren(ParentRunner.java:328)
	at org.junit.runners.ParentRunner.access$100(ParentRunner.java:65)
	at org.junit.runners.ParentRunner$2.evaluate(ParentRunner.java:292)
	at org.junit.runners.ParentRunner$3.evaluate(ParentRunner.java:305)
	at org.junit.runners.ParentRunner.run(ParentRunner.java:412)
	at cucumber.api.junit.Cucumber.run(Cucumber.java:100)
	at org.apache.maven.surefire.junit4.JUnit4TestSet.execute(JUnit4TestSet.java:53)
	at org.apache.maven.surefire.junit4.JUnit4Provider.executeTestSet(JUnit4Provider.java:123)
	at org.apache.maven.surefire.junit4.JUnit4Provider.invoke(JUnit4Provider.java:104)
	at sun.reflect.NativeMethodAccessorImpl.invoke0(Native Method)
	at sun.reflect.NativeMethodAccessorImpl.invoke(NativeMethodAccessorImpl.java:62)
	at sun.reflect.DelegatingMethodAccessorImpl.invoke(DelegatingMethodAccessorImpl.java:43)
	at java.lang.reflect.Method.invoke(Method.java:498)
	at org.apache.maven.surefire.util.ReflectionUtils.invokeMethodWithArray(ReflectionUtils.java:164)
	at org.apache.maven.surefire.booter.ProviderFactory$ProviderProxy.invoke(ProviderFactory.java:110)
	at org.apache.maven.surefire.booter.SurefireStarter.invokeProvider(SurefireStarter.java:175)
	at org.apache.maven.surefire.booter.SurefireStarter.runSuitesInProcessWhenForked(SurefireStarter.java:107)
	at org.apache.maven.surefire.booter.ForkedBooter.main(ForkedBooter.java:68)
</error>
    <system-out>Empresa não adicionada: Ex.: -Dcompany=Arezzo 
Empresa não adicionada: Ex.: -Dcompany=Arezzo 
Empresa não adicionada: Ex.: -Dcompany=Arezzo 
Empresa não adicionada: Ex.: -Dcompany=Arezzo 
Empresa não adicionada: Ex.: -Dcompany=Arezzo 
Empresa não adicionada: Ex.: -Dcompany=Arezzo 
Empresa não adicionada: Ex.: -Dcompany=Arezzo 
Empresa não adicionada: Ex.: -Dcompany=Arezzo 
</system-out>
  </testcase>
  <testcase classname="Scenario: Buy item Full Price as Entrega pela Loja Anacapri" name="Given I select the number \&quot;35\&quot;" time="0.174">
    <skipped/>
  </testcase>
  <testcase classname="Scenario: Buy item Full Price as Entrega pela Loja Anacapri" name="And I click the buy button" time="0.174">
    <skipped/>
  </testcase>
  <testcase classname="Scenario: Buy item Full Price as Entrega pela Loja Anacapri" name="When I insert my CEP address" time="0.176">
    <skipped/>
  </testcase>
  <testcase classname="Scenario: Buy item Full Price as Entrega pela Loja Anacapri" name="Then I click on Calculate Shipping" time="0.178">
    <skipped/>
  </testcase>
  <testcase classname="Scenario: Buy item Full Price as Entrega pela Loja Anacapri" name="And I see the Entrega pela Loja method" time="0.179">
    <skipped/>
  </testcase>
  <testcase classname="Scenario: Buy item Full Price as Entrega pela Loja Anacapri" name="And I see the Retire na Loja method" time="0.181">
    <skipped/>
  </testcase>
</testsuite>